d:\downloads\raycastlab\raycastlab\debug\raycastlab.bsc
d:\downloads\raycastlab\raycastlab\debug\vc140.pdb
d:\downloads\raycastlab\raycastlab\debug\vc140.idb
d:\downloads\raycastlab\raycastlab\debug\toscreen.sbr
d:\downloads\raycastlab\raycastlab\debug\shapes.sbr
d:\downloads\raycastlab\raycastlab\debug\main.sbr
d:\downloads\raycastlab\raycastlab\debug\scene.sbr
d:\downloads\raycastlab\raycastlab\debug\scene.obj
d:\downloads\raycastlab\raycastlab\debug\main.obj
d:\downloads\raycastlab\raycastlab\debug\shapes.obj
d:\downloads\raycastlab\raycastlab\debug\toscreen.obj
d:\downloads\raycastlab\raycastlab\debug\raycastlab.exe
d:\downloads\raycastlab\raycastlab\debug\raycastlab.pdb
d:\downloads\raycastlab\raycastlab\debug\raycastlab.tlog\bscmake.command.1.tlog
d:\downloads\raycastlab\raycastlab\debug\raycastlab.tlog\bscmake.read.1.tlog
d:\downloads\raycastlab\raycastlab\debug\raycastlab.tlog\bscmake.write.1.tlog
d:\downloads\raycastlab\raycastlab\debug\raycastlab.tlog\cl.command.1.tlog
d:\downloads\raycastlab\raycastlab\debug\raycastlab.tlog\cl.read.1.tlog
d:\downloads\raycastlab\raycastlab\debug\raycastlab.tlog\cl.write.1.tlog
d:\downloads\raycastlab\raycastlab\debug\raycastlab.tlog\link.command.1.tlog
d:\downloads\raycastlab\raycastlab\debug\raycastlab.tlog\link.read.1.tlog
d:\downloads\raycastlab\raycastlab\debug\raycastlab.tlog\link.write.1.tlog
